d:\gameengine\gameengine\zabka\intermediate\debug\zabka.pch
d:\gameengine\gameengine\zabka\intermediate\debug\vc143.pdb
d:\gameengine\gameengine\zabka\intermediate\debug\vc143.idb
d:\gameengine\gameengine\zabka\intermediate\debug\logger.obj
d:\gameengine\gameengine\zabka\intermediate\debug\pergamesettings.obj
d:\gameengine\gameengine\zabka\intermediate\debug\iapplication.obj
d:\gameengine\gameengine\zabka\intermediate\debug\zabka.obj
d:\gameengine\gameengine\\build\zabka\debug\zabka.pdb
d:\gameengine\gameengine\\zabka\intermediate\debug\zabka.vcxproj.filelistabsolute.txt
d:\gameengine\gameengine\zabka\intermediate\debug\zabka.tlog\cl.command.1.tlog
d:\gameengine\gameengine\zabka\intermediate\debug\zabka.tlog\cl.read.1.tlog
d:\gameengine\gameengine\zabka\intermediate\debug\zabka.tlog\cl.write.1.tlog
d:\gameengine\gameengine\zabka\intermediate\debug\zabka.tlog\link-cvtres.read.1.tlog
d:\gameengine\gameengine\zabka\intermediate\debug\zabka.tlog\link-cvtres.write.1.tlog
d:\gameengine\gameengine\zabka\intermediate\debug\zabka.tlog\link-rc.read.1.tlog
d:\gameengine\gameengine\zabka\intermediate\debug\zabka.tlog\link-rc.write.1.tlog
d:\gameengine\gameengine\zabka\intermediate\debug\zabka.tlog\link.command.1.tlog
d:\gameengine\gameengine\zabka\intermediate\debug\zabka.tlog\link.read.1.tlog
d:\gameengine\gameengine\zabka\intermediate\debug\zabka.tlog\link.read.4.tlog
d:\gameengine\gameengine\zabka\intermediate\debug\zabka.tlog\link.write.1.tlog
