d:\gameengine\gameengine\blankproject\intermediate\debug\blankproject.pch
d:\gameengine\gameengine\blankproject\intermediate\debug\vc143.pdb
d:\gameengine\gameengine\blankproject\intermediate\debug\vc143.idb
d:\gameengine\gameengine\blankproject\intermediate\debug\blankproject.obj
d:\gameengine\gameengine\build\blankproject\debug\blankproject.exe
d:\gameengine\gameengine\build\blankproject\debug\blankproject.pdb
d:\gameengine\gameengine\blankproject\intermediate\debug\blankproject.res
d:\gameengine\gameengine\blankproject\intermediate\debug\blankproject.ilk
d:\gameengine\gameengine\\build\blankproject\debug\blankproject.pdb
d:\gameengine\gameengine\\blankproject\intermediate\debug\blankproject.vcxproj.filelistabsolute.txt
d:\gameengine\gameengine\blankproject\intermediate\debug\blankproject.tlog\cl.command.1.tlog
d:\gameengine\gameengine\blankproject\intermediate\debug\blankproject.tlog\cl.items.tlog
d:\gameengine\gameengine\blankproject\intermediate\debug\blankproject.tlog\cl.read.1.tlog
d:\gameengine\gameengine\blankproject\intermediate\debug\blankproject.tlog\cl.write.1.tlog
d:\gameengine\gameengine\blankproject\intermediate\debug\blankproject.tlog\link.command.1.tlog
d:\gameengine\gameengine\blankproject\intermediate\debug\blankproject.tlog\link.read.1.tlog
d:\gameengine\gameengine\blankproject\intermediate\debug\blankproject.tlog\link.secondary.1.tlog
d:\gameengine\gameengine\blankproject\intermediate\debug\blankproject.tlog\link.write.1.tlog
d:\gameengine\gameengine\blankproject\intermediate\debug\blankproject.tlog\rc.command.1.tlog
d:\gameengine\gameengine\blankproject\intermediate\debug\blankproject.tlog\rc.read.1.tlog
d:\gameengine\gameengine\blankproject\intermediate\debug\blankproject.tlog\rc.write.1.tlog
