d:\gameengine\gameengine\blankproject\intermediate\release\blankproject.pch
d:\gameengine\gameengine\blankproject\intermediate\release\vc143.pdb
d:\gameengine\gameengine\blankproject\intermediate\release\blankproject.obj
d:\gameengine\gameengine\build\release\blankproject.exe
d:\gameengine\gameengine\build\release\blankproject.pdb
d:\gameengine\gameengine\blankproject\intermediate\release\blankproject.res
d:\gameengine\gameengine\blankproject\intermediate\release\blankproject.ipdb
d:\gameengine\gameengine\blankproject\intermediate\release\blankproject.iobj
d:\gameengine\gameengine\\build\release\blankproject.pdb
d:\gameengine\gameengine\\blankproject\intermediate\release\blankproject.vcxproj.filelistabsolute.txt
d:\gameengine\gameengine\blankproject\intermediate\release\blankproject.tlog\cl.command.1.tlog
d:\gameengine\gameengine\blankproject\intermediate\release\blankproject.tlog\cl.items.tlog
d:\gameengine\gameengine\blankproject\intermediate\release\blankproject.tlog\cl.read.1.tlog
d:\gameengine\gameengine\blankproject\intermediate\release\blankproject.tlog\cl.write.1.tlog
d:\gameengine\gameengine\blankproject\intermediate\release\blankproject.tlog\link.command.1.tlog
d:\gameengine\gameengine\blankproject\intermediate\release\blankproject.tlog\link.read.1.tlog
d:\gameengine\gameengine\blankproject\intermediate\release\blankproject.tlog\link.secondary.1.tlog
d:\gameengine\gameengine\blankproject\intermediate\release\blankproject.tlog\link.write.1.tlog
d:\gameengine\gameengine\blankproject\intermediate\release\blankproject.tlog\rc.command.1.tlog
d:\gameengine\gameengine\blankproject\intermediate\release\blankproject.tlog\rc.read.1.tlog
d:\gameengine\gameengine\blankproject\intermediate\release\blankproject.tlog\rc.write.1.tlog
