d:\gameengine\gameengine\zabka\intermediate\release\zabka.pch
d:\gameengine\gameengine\zabka\intermediate\release\vc143.pdb
d:\gameengine\gameengine\zabka\intermediate\release\cmdlineargs.obj
d:\gameengine\gameengine\zabka\intermediate\release\logger.obj
d:\gameengine\gameengine\zabka\intermediate\release\time.obj
d:\gameengine\gameengine\zabka\intermediate\release\core.obj
d:\gameengine\gameengine\zabka\intermediate\release\coredefinitions.obj
d:\gameengine\gameengine\zabka\intermediate\release\coreminimal.obj
d:\gameengine\gameengine\zabka\intermediate\release\pergamesettings.obj
d:\gameengine\gameengine\zabka\intermediate\release\simulation.obj
d:\gameengine\gameengine\zabka\intermediate\release\splashscreen.obj
d:\gameengine\gameengine\zabka\intermediate\release\zengine.obj
d:\gameengine\gameengine\zabka\intermediate\release\iapplication.obj
d:\gameengine\gameengine\zabka\intermediate\release\subobject.obj
d:\gameengine\gameengine\zabka\intermediate\release\win32utils.obj
d:\gameengine\gameengine\zabka\intermediate\release\window.obj
d:\gameengine\gameengine\zabka\intermediate\release\zabka.obj
d:\gameengine\gameengine\zabka\intermediate\release\zabka.ipdb
d:\gameengine\gameengine\\zabka\intermediate\release\zabka.vcxproj.filelistabsolute.txt
d:\gameengine\gameengine\zabka\intermediate\release\zabka.tlog\cl.command.1.tlog
d:\gameengine\gameengine\zabka\intermediate\release\zabka.tlog\cl.read.1.tlog
d:\gameengine\gameengine\zabka\intermediate\release\zabka.tlog\cl.write.1.tlog
d:\gameengine\gameengine\zabka\intermediate\release\zabka.tlog\link.command.1.tlog
d:\gameengine\gameengine\zabka\intermediate\release\zabka.tlog\link.read.1.tlog
d:\gameengine\gameengine\zabka\intermediate\release\zabka.tlog\link.write.1.tlog
